make all --print-data-base --no-builtin-variables --no-builtin-rules --question
# GNU Make 3.81
# Copyright (C) 2006  Free Software Foundation, Inc.
# This is free software; see the source for copying conditions.
# There is NO warranty; not even for MERCHANTABILITY or FITNESS FOR A
# PARTICULAR PURPOSE.

# This program built for i386-apple-darwin11.3.0
 

# Make data base, printed on Mon Jan  3 14:04:07 2022

# Variables

 
# automatic
<D = $(patsubst %/,%,$(dir $<))
# automatic
?F = $(notdir $?)
# environment
VSCODE_LOG_NATIVE = false
# makefile (from `Makefile', line 3)
LIBRARY = -lft -L$(LIBFT_DIRECTORY)
# automatic
?D = $(patsubst %/,%,$(dir $?))
# makefile (from `Makefile', line 5)
INCLUDES = -I$(HEADERS_DIRECTORY) -I$(LIBFT_HEADERS) -I ~/.brew/opt/readline/include
# automatic
@D = $(patsubst %/,%,$(dir $@))
# automatic
@F = $(notdir $@)
# makefile
CURDIR := /Users/achanel/Desktop/ms
# makefile
SHELL = /bin/sh
# environment
VSCODE_NLS_CONFIG = {"locale":"en-us","availableLanguages":{},"_languagePackSupport":true}
# environment
_ = /usr/bin/make
# makefile (from `Makefile', line 37)
CFLAGS = -Wall -Wextra -Werror
# makefile (from `Makefile', line 1)
MAKEFILE_LIST :=  Makefile
# makefile (from `Makefile', line 29)
SRCS = $(addprefix $(SRCS_DIRECTORY), $(SRCS_LIST))
# environment
VSCODE_VERBOSE_LOGGING = true
# makefile (from `Makefile', line 33)
OBJS = $(addprefix $(OBJS_DIRECTORY), $(OBJS_LIST))
# makefile (from `Makefile', line 31)
OBJS_DIRECTORY = objects/
# environment
VSCODE_IPC_HOOK_EXTHOST = /var/folders/zz/zyxvpxvq6csfxvn_n003vm6800yx1k/T/vscode-ipc-b29522f8-2d4a-4839-9c49-ee1cc25960dc.sock
# makefile (from `Makefile', line 39)
READLINE = -lreadline -L ~/.brew/opt/readline/lib/
# environment
VSCODE_CWD = /
# environment
Apple_PubSub_Socket_Render = /private/tmp/com.apple.launchd.tgnzBOW5lv/Render
# environment
PATH = /Users/achanel/.brew/bin:/usr/local/bin:/usr/bin:/bin:/usr/sbin:/sbin:/usr/local/munki
# environment
LSCOLORS = Gxfxcxdxbxegedabagacad
# environment
VSCODE_LOG_STACK = false
# environment
ELECTRON_RUN_AS_NODE = 1
# default
.FEATURES := target-specific order-only second-expansion else-if archives jobserver check-symlink
# environment
SSH_AUTH_SOCK = /private/tmp/com.apple.launchd.nEFsbEy8UU/Listeners
# automatic
%F = $(notdir $%)
# environment
HOMEBREW_TEMP = /tmp/achanel/Homebrew/Temp
# makefile (from `Makefile', line 11)
HEADERS_LIST = minishell.h
# environment
VSCODE_PIPE_LOGGING = true
# environment
PWD = /Users/achanel/Desktop/ms
# makefile (from `Makefile', line 16)
SRCS_LIST = ../minishell.c builtin.c cd.c echo.c env.c error_msg.c exit.c export.c pwd.c unset.c utils_builtin.c utils_env.c utils_stack.c
# environment
ORIGINAL_XDG_CURRENT_DESKTOP = undefined
# environment
VSCODE_AMD_ENTRYPOINT = vs/workbench/services/extensions/node/extensionHostProcess
# environment
HOME = /Users/achanel
# default
MAKEFILEPATH := /Applications/Xcode.app/Contents/Developer/Makefiles
# environment
VSCODE_CODE_CACHE_PATH = /Users/achanel/Library/Application Support/Code/CachedData/e7d7e9a9348e6a8cc8c03f877d39cb72e5dfb1ff
# environment
LOGNAME = achanel
# environment
APPLICATION_INSIGHTS_NO_DIAGNOSTIC_CHANNEL = true
# makefile (from `Makefile', line 13)
HEADERS = $(addprefix $(HEADERS_DIRECTORY), $(HEADERS_LIST))
# environment
ZSH = /Users/achanel/.oh-my-zsh
# environment
VSCODE_HANDLES_UNCAUGHT_ERRORS = true
# automatic
^D = $(patsubst %/,%,$(dir $^))
# environment
XPC_FLAGS = 0x0
# default
MAKE = $(MAKE_COMMAND)
# default
MAKECMDGOALS := all
# environment
HOMEBREW_CACHE = /tmp/achanel/Homebrew/Caches
# environment
SHLVL = 1
# makefile (from `Makefile', line 7)
LIBFT = $(LIBFT_DIRECTORY)libft.a
# makefile (from `Makefile', line 35)
CC = gcc 
# default
MAKE_VERSION := 3.81
# environment
USER = achanel
# makefile
.DEFAULT_GOAL := all
# makefile (from `Makefile', line 1)
NAME = minishell
# environment
LESS = -R
# automatic
%D = $(patsubst %/,%,$(dir $%))
# default
MAKE_COMMAND := /Applications/Xcode.app/Contents/Developer/usr/bin/make
# default
.VARIABLES := 
# environment
TMPDIR = /var/folders/zz/zyxvpxvq6csfxvn_n003vm6800yx1k/T/
# automatic
*F = $(notdir $*)
# environment
VSCODE_IPC_HOOK = /Users/achanel/Library/Application Support/Code/1.60.0-main.sock
# makefile
MAKEFLAGS = Rrqp
# environment
MFLAGS = -Rrqp
# automatic
*D = $(patsubst %/,%,$(dir $*))
# environment
XPC_SERVICE_NAME = com.apple.xpc.launchd.oneshot.0x10000007.Electron
# automatic
+D = $(patsubst %/,%,$(dir $+))
# makefile (from `Makefile', line 12)
HEADERS_DIRECTORY = ./includes/
# automatic
+F = $(notdir $+)
# makefile (from `Makefile', line 9)
LIBFT_HEADERS = $(LIBFT_DIRECTORY)
# makefile (from `Makefile', line 15)
SRCS_DIRECTORY = ./src/builtin/
# environment
__CF_USER_TEXT_ENCODING = 0xF7432:0x0:0x0
# environment
COMMAND_MODE = unix2003
# default
MAKEFILES := 
# makefile (from `Makefile', line 8)
LIBFT_DIRECTORY = ./libft/
# automatic
<F = $(notdir $<)
# makefile (from `Makefile', line 32)
 
OBJS_LIST = $(patsubst %.c, %.o, $(SRCS_LIST))
# environment
PAGER = less
# environment
LC_ALL = C
# environment
SECURITYSESSIONID = 186bf
# automatic
^F = $(notdir $^)
# default
SUFFIXES := 
# default
.INCLUDE_DIRS = /usr/local/include
# environment
MAKELEVEL := 0
# environment
LANG = C
# environment
VSCODE_PID = 62803
# variable set hash-table stats:
# Load=87/1024=8%, Rehash=0, Collisions=6/136=4%

# Pattern-specific Variable Values

# No pattern-specific variable values.

# Directories

# . (device 16777227, inode 1378147): 12 files, no impossibilities.
# src/builtin/.. (device 16777227, inode 1378265): 5 files, no impossibilities so far.
# includes (device 16777227, inode 1378215): 3 files, no impossibilities so far.
# src/builtin (device 16777227, inode 1378266): 4 files, no impossibilities so far.

# 24 files, no impossibilities in 4 directories.

# Implicit Rules

objects/%.o: ./src/builtin/%.c ./includes/minishell.h
#  commands to execute (from `Makefile', line 50):
	@$(CC) $(CFLAGS) -c $(INCLUDES) $< -o $@
	

# 1 implicit rules, 0 (0.0%) terminal.

# Files

# Not a target:
objects/pwd.o:
#  Implicit rule search has not been done.
#  Modification time never checked.
#  File has not been updated.

objects/cd.o: src/builtin/cd.c includes/minishell.h
#  Implicit rule search has been done.
#  Implicit/static pattern stem: `cd'
#  File does not exist.
#  File has been updated.
#  Needs to be updated (-q is set).
# automatic
# @ := objects/cd.o
# automatic
# % := 
# automatic
# * := cd
# automatic
# + := src/builtin/cd.c includes/minishell.h
# automatic
# | := 
# automatic
# < := src/builtin/cd.c
# automatic
# ^ := src/builtin/cd.c includes/minishell.h
# automatic
# ? := src/builtin/cd.c includes/minishell.h
# variable set hash-table stats:
# Load=8/32=25%, Rehash=0, Collisions=4/18=22%
#  commands to execute (from `Makefile', line 50):
	@$(CC) $(CFLAGS) -c $(INCLUDES) $< -o $@
	

objects/:
#  Implicit rule search has not been done.
#  Last modified 2022-01-03 14:04:02
#  File has been updated.
#  Successfully updated.
#  commands to execute (from `Makefile', line 47):
	mkdir -p $(OBJS_DIRECTORY)
	

# Not a target:
objects/error_msg.o:
#  Implicit rule search has not been done.
#  Modification time never checked.
#  File has not been updated.

# Not a target:
objects/utils_env.o:
#  Implicit rule search has not been done.
#  Modification time never checked.
#  File has not been updated.

# Not a target:
objects/echo.o:
#  Implicit rule search has not been done.
#  Modification time never checked.
#  File has not been updated.

all: minishell
#  Phony target (prerequisite of .PHONY).
#  Command-line target.
#  Implicit rule search has not been done.
#  File does not exist.
#  File has been updated.
#  Needs to be updated (-q is set).
# variable set hash-table stats:
# Load=0/32=0%, Rehash=0, Collisions=0/8=0%

.PHONY: all clean fclean re bonus
#  Implicit rule search has not been done.
#  Modification time never checked.
#  File has not been updated.

# Not a target:
src/builtin/cd.c:
#  Implicit rule search has been done.
#  Last modified 2021-12-30 23:50:41
#  File has been updated.
#  Successfully updated.
# variable set hash-table stats:
# Load=0/32=0%, Rehash=0, Collisions=0/0=0%

# Not a target:
objects/export.o:
#  Implicit rule search has not been done.
#  Modification time never checked.
#  File has not been updated.

# Not a target:
.SUFFIXES:
#  Implicit rule search has not been done.
#  Modification time never checked.
#  File has not been updated.

# Not a target:
Makefile:
#  Implicit rule search has been done.
#  Last modified 2022-01-03 14:03:56
#  File has been updated.
#  Successfully updated.
# variable set hash-table stats:
# Load=0/32=0%, Rehash=0, Collisions=0/0=0%

objects/../minishell.o: src/builtin/../minishell.c includes/minishell.h
#  Implicit rule search has been done.
#  Implicit/static pattern stem: `../minishell'
#  Last modified 2022-01-03 13:30:40
#  File has been updated.
#  Successfully updated.
# variable set hash-table stats:
# Load=0/32=0%, Rehash=0, Collisions=0/0=0%
#  commands to execute (from `Makefile', line 50):
	@$(CC) $(CFLAGS) -c $(INCLUDES) $< -o $@
	

minishell: libft/libft.a objects/ objects/../minishell.o objects/builtin.o objects/cd.o objects/echo.o objects/env.o objects/error_msg.o objects/exit.o objects/export.o objects/pwd.o objects/unset.o objects/utils_builtin.o objects/utils_env.o objects/utils_stack.o
#  Implicit rule search has not been done.
#  File does not exist.
#  File has been updated.
#  Needs to be updated (-q is set).
# variable set hash-table stats:
# Load=0/32=0%, Rehash=0, Collisions=0/8=0%
#  commands to execute (from `Makefile', line 44):
	@$(CC) $(CFLAGS) $(LIBRARY) $(INCLUDES) $(OBJS) $(READLINE) -o $(NAME)
	

# Not a target:
objects/env.o:
#  Implicit rule search has not been done.
#  Modification time never checked.
#  File has not been updated.

libft/libft.a:
#  Implicit rule search has not been done.
#  Last modified 2022-01-03 14:04:02
#  File has been updated.
#  Successfully updated.
#  commands to execute (from `Makefile', line 53):
	@$(MAKE) -sC $(LIBFT_DIRECTORY)
	

# Not a target:
objects/exit.o:
#  Implicit rule search has not been done.
#  Modification time never checked.
#  File has not been updated.

bonus:
#  Phony target (prerequisite of .PHONY).
#  Implicit rule search has not been done.
#  File does not exist.
#  File has not been updated.

fclean: clean
#  Phony target (prerequisite of .PHONY).
#  Implicit rule search has not been done.
#  File does not exist.
#  File has not been updated.
#  commands to execute (from `Makefile', line 60):
	@rm -f $(LIBFT)
	@rm -f $(NAME)
	

objects/builtin.o: src/builtin/builtin.c includes/minishell.h
#  Implicit rule search has been done.
#  Implicit/static pattern stem: `builtin'
#  Last modified 2022-01-03 14:04:02
#  File has been updated.
#  Successfully updated.
# variable set hash-table stats:
# Load=0/32=0%, Rehash=0, Collisions=0/0=0%
#  commands to execute (from `Makefile', line 50):
	@$(CC) $(CFLAGS) -c $(INCLUDES) $< -o $@
	

# Not a target:
src/builtin/../minishell.c:
#  Implicit rule search has been done.
#  Last modified 2022-01-03 12:57:23
#  File has been updated.
#  Successfully updated.
# variable set hash-table stats:
# Load=0/32=0%, Rehash=0, Collisions=0/0=0%

# Not a target:
.DEFAULT:
#  Implicit rule search has not been done.
#  Modification time never checked.
#  File has not been updated.

# Not a target:
objects/unset.o:
#  Implicit rule search has not been done.
#  Modification time never checked.
#  File has not been updated.

re: fclean all
#  Phony target (prerequisite of .PHONY).
#  Implicit rule search has not been done.
#  File does not exist.
#  File has not been updated.

# Not a target:
src/builtin/builtin.c:
#  Implicit rule search has been done.
#  Last modified 2022-01-03 13:29:59
#  File has been updated.
#  Successfully updated.
# variable set hash-table stats:
# Load=0/32=0%, Rehash=0, Collisions=0/0=0%

clean:
#  Phony target (prerequisite of .PHONY).
#  Implicit rule search has not been done.
#  File does not exist.
#  File has not been updated.
#  commands to execute (from `Makefile', line 56):
	@$(MAKE) -sC $(LIBFT_DIRECTORY) clean
	@rm -rf $(OBJS_DIRECTORY)
	

# Not a target:
objects/utils_stack.o:
#  Implicit rule search has not been done.
#  Modification time never checked.
#  File has not been updated.

# Not a target:
objects/utils_builtin.o:
#  Implicit rule search has not been done.
#  Modification time never checked.
#  File has not been updated.

# Not a target:
includes/minishell.h:
#  Implicit rule search has been done.
#  Last modified 2022-01-03 13:30:13
#  File has been updated.
#  Successfully updated.
# variable set hash-table stats:
# Load=0/32=0%, Rehash=0, Collisions=0/0=0%

# files hash-table stats:
# Load=29/1024=3%, Rehash=0, Collisions=0/81=0%
# VPATH Search Paths

# No `vpath' search paths.

# No general (`VPATH' variable) search path.

# # of strings in strcache: 1
# # of strcache buffers: 1
# strcache size: total = 4096 / max = 4096 / min = 4096 / avg = 4096
# strcache free: total = 4087 / max = 4087 / min = 4087 / avg = 4087

 
# Finished Make data base on Mon Jan  3 14:04:07 2022

 
